[debug] [2023-08-02T03:28:58.318Z] ----------------------------------------------------------------------
[debug] [2023-08-02T03:28:58.321Z] Command:       /usr/local/bin/node /usr/local/bin/firebase init
[debug] [2023-08-02T03:28:58.321Z] CLI Version:   12.4.6
[debug] [2023-08-02T03:28:58.322Z] Platform:      linux
[debug] [2023-08-02T03:28:58.322Z] Node Version:  v18.16.1
[debug] [2023-08-02T03:28:58.322Z] Time:          Wed Aug 02 2023 00:28:58 GMT-0300 (Horário Padrão de Brasília)
[debug] [2023-08-02T03:28:58.323Z] ----------------------------------------------------------------------
[debug] 
[debug] [2023-08-02T03:28:58.391Z] > command requires scopes: ["email","openid","https://www.googleapis.com/auth/cloudplatformprojects.readonly","https://www.googleapis.com/auth/firebase","https://www.googleapis.com/auth/cloud-platform"]
[debug] [2023-08-02T03:28:58.391Z] > authorizing via signed-in user (mic321@gmail.com)
[info] 
     ######## #### ########  ######## ########     ###     ######  ########
     ##        ##  ##     ## ##       ##     ##  ##   ##  ##       ##
     ######    ##  ########  ######   ########  #########  ######  ######
     ##        ##  ##    ##  ##       ##     ## ##     ##       ## ##
     ##       #### ##     ## ######## ########  ##     ##  ######  ########

You're about to initialize a Firebase project in this directory:

  /media/michelle/DATA/Cursos/EBAC/tiktok-ebac-jornada-fullstack

Before we get started, keep in mind:

  * You are currently outside your home directory
  * You are initializing within an existing Firebase project directory

